\BOOKMARK [0][-]{chapter*.1}{\376\377\000D\000e\000c\000l\000a\000r\000a\000t\000i\000o\000n}{}% 1
\BOOKMARK [0][-]{chapter*.1}{\376\377\000D\000e\000c\000l\000a\000r\000a\000t\000i\000o\000n}{}% 2
\BOOKMARK [0][-]{chapter*.2}{\376\377\000D\000e\000c\000l\000a\000r\000a\000t\000i\000o\000n}{}% 3
\BOOKMARK [0][-]{chapter*.3}{\376\377\000A\000p\000p\000r\000o\000v\000a\000l}{}% 4
\BOOKMARK [0][-]{chapter*.3}{\376\377\000A\000p\000p\000r\000o\000v\000a\000l}{}% 5
\BOOKMARK [0][-]{chapter*.4}{\376\377\000A\000b\000s\000t\000r\000a\000c\000t}{}% 6
\BOOKMARK [0][-]{chapter*.4}{\376\377\000A\000b\000s\000t\000r\000a\000c\000t}{}% 7
\BOOKMARK [0][-]{chapter*.4}{\376\377\000D\000e\000d\000i\000c\000a\000t\000i\000o\000n}{}% 8
\BOOKMARK [0][-]{chapter*.8}{\376\377\000A\000c\000k\000n\000o\000w\000l\000e\000d\000g\000m\000e\000n\000t\000s}{}% 9
\BOOKMARK [0][-]{chapter*.8}{\376\377\000A\000c\000k\000n\000o\000w\000l\000e\000d\000g\000e\000m\000e\000n\000t\000s}{}% 10
\BOOKMARK [0][-]{chapter.1}{\376\377\000I\000n\000t\000r\000o\000d\000u\000c\000t\000i\000o\000n}{}% 11
\BOOKMARK [1][-]{section.1.1}{\376\377\000B\000a\000c\000k\000g\000r\000o\000u\000n\000d}{chapter.1}% 12
\BOOKMARK [1][-]{section.1.2}{\376\377\000P\000r\000o\000b\000l\000e\000m\000\040\000S\000t\000a\000t\000e\000m\000e\000n\000t}{chapter.1}% 13
\BOOKMARK [1][-]{section.1.3}{\376\377\000R\000e\000s\000e\000a\000r\000c\000h\000\040\000A\000i\000m}{chapter.1}% 14
\BOOKMARK [1][-]{section.1.4}{\376\377\000R\000e\000s\000e\000a\000r\000c\000h\000\040\000Q\000u\000e\000s\000t\000i\000o\000n\000s}{chapter.1}% 15
\BOOKMARK [1][-]{section.1.5}{\376\377\000M\000a\000i\000n\000\040\000O\000b\000j\000e\000c\000t\000i\000v\000e}{chapter.1}% 16
\BOOKMARK [1][-]{section.1.6}{\376\377\000S\000p\000e\000c\000i\000f\000i\000c\000\040\000O\000b\000j\000e\000c\000t\000i\000v\000e\000s}{chapter.1}% 17
\BOOKMARK [1][-]{section.1.7}{\376\377\000S\000c\000o\000p\000e}{chapter.1}% 18
\BOOKMARK [1][-]{section.1.8}{\376\377\000J\000u\000s\000t\000i\000f\000i\000c\000a\000t\000i\000o\000n}{chapter.1}% 19
\BOOKMARK [1][-]{section.1.9}{\376\377\000D\000e\000f\000i\000n\000i\000t\000i\000o\000n\000\040\000o\000f\000\040\000T\000e\000r\000m\000s}{chapter.1}% 20
\BOOKMARK [0][-]{chapter.2}{\376\377\000L\000i\000t\000e\000r\000a\000t\000u\000r\000e\000\040\000R\000e\000v\000i\000e\000w}{}% 21
\BOOKMARK [1][-]{section.2.1}{\376\377\000I\000n\000t\000r\000o\000d\000u\000c\000t\000i\000o\000n}{chapter.2}% 22
\BOOKMARK [1][-]{section.2.2}{\376\377\000H\000i\000s\000t\000o\000r\000i\000c\000a\000l\000\040\000P\000e\000r\000s\000p\000e\000c\000t\000i\000v\000e}{chapter.2}% 23
\BOOKMARK [1][-]{section.2.3}{\376\377\000C\000o\000n\000c\000e\000p\000t\000u\000a\000l\000\040\000P\000e\000r\000s\000p\000e\000c\000t\000i\000v\000e}{chapter.2}% 24
\BOOKMARK [2][-]{subsection.2.3.1}{\376\377\000A\000r\000t\000i\000f\000i\000c\000i\000a\000l\000\040\000I\000n\000t\000e\000l\000l\000i\000g\000e\000n\000c\000e\000\040\000i\000n\000\040\000P\000e\000r\000s\000o\000n\000a\000l\000\040\000F\000i\000n\000a\000n\000c\000e}{section.2.3}% 25
\BOOKMARK [2][-]{subsection.2.3.2}{\376\377\000G\000a\000m\000i\000f\000i\000c\000a\000t\000i\000o\000n\000\040\000f\000o\000r\000\040\000S\000u\000s\000t\000a\000i\000n\000e\000d\000\040\000E\000n\000g\000a\000g\000e\000m\000e\000n\000t}{section.2.3}% 26
\BOOKMARK [1][-]{section.2.4}{\376\377\000C\000o\000n\000t\000e\000x\000t\000u\000a\000l\000\040\000P\000e\000r\000s\000p\000e\000c\000t\000i\000v\000e}{chapter.2}% 27
\BOOKMARK [1][-]{section.2.5}{\376\377\000S\000u\000m\000m\000a\000r\000y\000\040\000o\000f\000\040\000G\000a\000p\000s\000\040\000i\000n\000\040\000L\000i\000t\000e\000r\000a\000t\000u\000r\000e}{chapter.2}% 28
\BOOKMARK [0][-]{chapter.3}{\376\377\000M\000e\000t\000h\000o\000d\000o\000l\000o\000g\000y}{}% 29
\BOOKMARK [1][-]{section.3.1}{\376\377\000R\000e\000s\000e\000a\000r\000c\000h\000\040\000D\000e\000s\000i\000g\000n}{chapter.3}% 30
\BOOKMARK [1][-]{section.3.2}{\376\377\000D\000a\000t\000a\000\040\000C\000o\000l\000l\000e\000c\000t\000i\000o\000n}{chapter.3}% 31
\BOOKMARK [1][-]{section.3.3}{\376\377\000S\000y\000s\000t\000e\000m\000\040\000D\000e\000s\000i\000g\000n}{chapter.3}% 32
\BOOKMARK [2][-]{subsection.3.3.1}{\376\377\000A\000r\000c\000h\000i\000t\000e\000c\000t\000u\000r\000e\000\040\000O\000v\000e\000r\000v\000i\000e\000w}{section.3.3}% 33
\BOOKMARK [2][-]{subsection.3.3.2}{\376\377\000S\000M\000S\000\040\000P\000a\000r\000s\000i\000n\000g\000\040\000P\000i\000p\000e\000l\000i\000n\000e}{section.3.3}% 34
\BOOKMARK [2][-]{subsection.3.3.3}{\376\377\000P\000r\000e\000d\000i\000c\000t\000i\000v\000e\000\040\000F\000o\000r\000e\000c\000a\000s\000t\000i\000n\000g\000\040\000E\000n\000g\000i\000n\000e}{section.3.3}% 35
\BOOKMARK [2][-]{subsection.3.3.4}{\376\377\000G\000a\000m\000i\000f\000i\000c\000a\000t\000i\000o\000n\000\040\000E\000n\000g\000i\000n\000e}{section.3.3}% 36
\BOOKMARK [2][-]{subsection.3.3.5}{\376\377\000F\000i\000n\000a\000n\000c\000i\000a\000l\000\040\000L\000i\000t\000e\000r\000a\000c\000y\000\040\000A\000c\000a\000d\000e\000m\000y}{section.3.3}% 37
\BOOKMARK [2][-]{subsection.3.3.6}{\376\377\000S\000e\000c\000u\000r\000i\000t\000y\000\040\000a\000n\000d\000\040\000P\000r\000i\000v\000a\000c\000y}{section.3.3}% 38
\BOOKMARK [1][-]{section.3.4}{\376\377\000D\000e\000v\000e\000l\000o\000p\000m\000e\000n\000t\000\040\000a\000n\000d\000\040\000I\000m\000p\000l\000e\000m\000e\000n\000t\000a\000t\000i\000o\000n}{chapter.3}% 39
\BOOKMARK [1][-]{section.3.5}{\376\377\000W\000o\000r\000k\000p\000l\000a\000n}{chapter.3}% 40
\BOOKMARK [1][-]{section.3.6}{\376\377\000B\000u\000d\000g\000e\000t}{chapter.3}% 41
\BOOKMARK [0][-]{chapter.4}{\376\377\000R\000e\000s\000u\000l\000t\000s}{}% 42
\BOOKMARK [1][-]{section.4.1}{\376\377\000M\000u\000l\000t\000i\000-\000T\000i\000e\000r\000\040\000A\000r\000c\000h\000i\000t\000e\000c\000t\000u\000r\000e\000\040\000O\000v\000e\000r\000v\000i\000e\000w}{chapter.4}% 43
\BOOKMARK [1][-]{section.4.2}{\376\377\000H\000a\000r\000d\000w\000a\000r\000e\000\040\000a\000n\000d\000\040\000P\000l\000a\000t\000f\000o\000r\000m\000\040\000R\000e\000q\000u\000i\000r\000e\000m\000e\000n\000t\000s}{chapter.4}% 44
\BOOKMARK [1][-]{section.4.3}{\376\377\000S\000M\000S\000\040\000P\000a\000r\000s\000i\000n\000g\000\040\000S\000u\000b\000-\000S\000y\000s\000t\000e\000m\000\040\000D\000e\000s\000i\000g\000n}{chapter.4}% 45
\BOOKMARK [2][-]{subsection.4.3.1}{\376\377\000S\000M\000S\000\040\000C\000o\000r\000p\000u\000s\000\040\000a\000n\000d\000\040\000R\000e\000g\000e\000x\000\040\000P\000a\000t\000t\000e\000r\000n\000\040\000L\000i\000b\000r\000a\000r\000y}{section.4.3}% 46
\BOOKMARK [2][-]{subsection.4.3.2}{\376\377\000T\000r\000a\000n\000s\000a\000c\000t\000i\000o\000n\000\040\000C\000a\000t\000e\000g\000o\000r\000i\000s\000a\000t\000i\000o\000n\000\040\000M\000o\000d\000e\000l}{section.4.3}% 47
\BOOKMARK [1][-]{section.4.4}{\376\377\000F\000o\000r\000e\000c\000a\000s\000t\000i\000n\000g\000\040\000E\000n\000g\000i\000n\000e\000\040\000D\000e\000s\000i\000g\000n}{chapter.4}% 48
\BOOKMARK [2][-]{subsection.4.4.1}{\376\377\000R\000a\000n\000d\000o\000m\000\040\000F\000o\000r\000e\000s\000t\000\040\000A\000r\000c\000h\000i\000t\000e\000c\000t\000u\000r\000e}{section.4.4}% 49
\BOOKMARK [2][-]{subsection.4.4.2}{\376\377\000P\000a\000r\000t\000i\000c\000l\000e\000\040\000S\000w\000a\000r\000m\000\040\000O\000p\000t\000i\000m\000i\000z\000a\000t\000i\000o\000n\000\040\000H\000y\000p\000e\000r\000p\000a\000r\000a\000m\000e\000t\000e\000r\000\040\000T\000u\000n\000i\000n\000g}{section.4.4}% 50
\BOOKMARK [1][-]{section.4.5}{\376\377\000G\000a\000m\000i\000f\000i\000c\000a\000t\000i\000o\000n\000\040\000E\000n\000g\000i\000n\000e\000\040\000D\000e\000s\000i\000g\000n}{chapter.4}% 51
\BOOKMARK [1][-]{section.4.6}{\376\377\000A\000p\000p\000l\000i\000c\000a\000t\000i\000o\000n\000\040\000S\000c\000r\000e\000e\000n\000\040\000A\000r\000c\000h\000i\000t\000e\000c\000t\000u\000r\000e}{chapter.4}% 52
\BOOKMARK [1][-]{section.4.7}{\376\377\000F\000l\000o\000w\000c\000h\000a\000r\000t\000s\000\040\000a\000n\000d\000\040\000D\000i\000a\000g\000r\000a\000m\000s}{chapter.4}% 53
\BOOKMARK [0][-]{chapter.5}{\376\377\000D\000i\000s\000c\000u\000s\000s\000i\000o\000n}{}% 54
\BOOKMARK [1][-]{section.5.1}{\376\377\000I\000m\000p\000l\000e\000m\000e\000n\000t\000a\000t\000i\000o\000n\000\040\000S\000t\000r\000a\000t\000e\000g\000y}{chapter.5}% 55
\BOOKMARK [1][-]{section.5.2}{\376\377\000S\000M\000S\000\040\000P\000a\000r\000s\000i\000n\000g\000\040\000R\000e\000s\000u\000l\000t\000s}{chapter.5}% 56
\BOOKMARK [2][-]{subsection.5.2.1}{\376\377\000R\000e\000g\000e\000x\000\040\000P\000a\000t\000t\000e\000r\000n\000\040\000C\000o\000v\000e\000r\000a\000g\000e}{section.5.2}% 57
\BOOKMARK [2][-]{subsection.5.2.2}{\376\377\000T\000r\000a\000n\000s\000a\000c\000t\000i\000o\000n\000\040\000C\000a\000t\000e\000g\000o\000r\000y\000\040\000C\000l\000a\000s\000s\000i\000f\000i\000c\000a\000t\000i\000o\000n}{section.5.2}% 58
\BOOKMARK [1][-]{section.5.3}{\376\377\000F\000o\000r\000e\000c\000a\000s\000t\000i\000n\000g\000\040\000M\000o\000d\000e\000l\000\040\000R\000e\000s\000u\000l\000t\000s}{chapter.5}% 59
\BOOKMARK [2][-]{subsection.5.3.1}{\376\377\000M\000o\000d\000e\000l\000\040\000P\000e\000r\000f\000o\000r\000m\000a\000n\000c\000e\000\040\000C\000o\000m\000p\000a\000r\000i\000s\000o\000n}{section.5.3}% 60
\BOOKMARK [2][-]{subsection.5.3.2}{\376\377\000P\000S\000O\000\040\000H\000y\000p\000e\000r\000p\000a\000r\000a\000m\000e\000t\000e\000r\000\040\000O\000p\000t\000i\000m\000i\000s\000a\000t\000i\000o\000n\000\040\000R\000e\000s\000u\000l\000t\000s}{section.5.3}% 61
\BOOKMARK [1][-]{section.5.4}{\376\377\000S\000y\000s\000t\000e\000m\000\040\000P\000e\000r\000f\000o\000r\000m\000a\000n\000c\000e\000\040\000M\000e\000t\000r\000i\000c\000s}{chapter.5}% 62
\BOOKMARK [1][-]{section.5.5}{\376\377\000U\000s\000a\000b\000i\000l\000i\000t\000y\000\040\000E\000v\000a\000l\000u\000a\000t\000i\000o\000n}{chapter.5}% 63
\BOOKMARK [2][-]{subsection.5.5.1}{\376\377\000S\000y\000s\000t\000e\000m\000\040\000U\000s\000a\000b\000i\000l\000i\000t\000y\000\040\000S\000c\000a\000l\000e}{section.5.5}% 64
\BOOKMARK [2][-]{subsection.5.5.2}{\376\377\000K\000e\000y\000\040\000U\000s\000a\000b\000i\000l\000i\000t\000y\000\040\000F\000i\000n\000d\000i\000n\000g\000s}{section.5.5}% 65
\BOOKMARK [1][-]{section.5.6}{\376\377\000F\000i\000n\000a\000n\000c\000i\000a\000l\000\040\000L\000i\000t\000e\000r\000a\000c\000y\000\040\000E\000v\000a\000l\000u\000a\000t\000i\000o\000n}{chapter.5}% 66
\BOOKMARK [2][-]{subsection.5.6.1}{\376\377\000P\000r\000e\000/\000P\000o\000s\000t\000\040\000A\000s\000s\000e\000s\000s\000m\000e\000n\000t\000\040\000R\000e\000s\000u\000l\000t\000s}{section.5.6}% 67
\BOOKMARK [1][-]{section.5.7}{\376\377\000G\000a\000m\000i\000f\000i\000c\000a\000t\000i\000o\000n\000\040\000E\000n\000g\000a\000g\000e\000m\000e\000n\000t\000\040\000M\000e\000t\000r\000i\000c\000s}{chapter.5}% 68
\BOOKMARK [1][-]{section.5.8}{\376\377\000C\000o\000m\000p\000a\000r\000i\000s\000o\000n\000\040\000w\000i\000t\000h\000\040\000E\000x\000i\000s\000t\000i\000n\000g\000\040\000S\000o\000l\000u\000t\000i\000o\000n\000s}{chapter.5}% 69
\BOOKMARK [1][-]{section.5.9}{\376\377\000K\000n\000o\000w\000n\000\040\000L\000i\000m\000i\000t\000a\000t\000i\000o\000n\000s\000\040\000a\000n\000d\000\040\000F\000u\000t\000u\000r\000e\000\040\000W\000o\000r\000k}{chapter.5}% 70
\BOOKMARK [2][-]{subsection.5.9.1}{\376\377\000S\000M\000S\000\040\000P\000a\000r\000s\000e\000r\000\040\000L\000i\000m\000i\000t\000a\000t\000i\000o\000n\000s}{section.5.9}% 71
\BOOKMARK [2][-]{subsection.5.9.2}{\376\377\000F\000o\000r\000e\000c\000a\000s\000t\000i\000n\000g\000\040\000M\000o\000d\000e\000l\000\040\000C\000o\000l\000d\000-\000S\000t\000a\000r\000t\000\040\000P\000r\000o\000b\000l\000e\000m}{section.5.9}% 72
\BOOKMARK [2][-]{subsection.5.9.3}{\376\377\000A\000b\000s\000e\000n\000c\000e\000\040\000o\000f\000\040\000V\000o\000i\000c\000e\000\040\000I\000n\000p\000u\000t}{section.5.9}% 73
\BOOKMARK [2][-]{subsection.5.9.4}{\376\377\000F\000u\000t\000u\000r\000e\000\040\000E\000n\000h\000a\000n\000c\000e\000m\000e\000n\000t\000s}{section.5.9}% 74
\BOOKMARK [0][-]{chapter.6}{\376\377\000C\000o\000n\000c\000l\000u\000s\000i\000o\000n\000\040\000a\000n\000d\000\040\000R\000e\000c\000o\000m\000m\000e\000n\000d\000a\000t\000i\000o\000n}{}% 75
\BOOKMARK [0][-]{chapter.6}{\376\377\000R\000E\000F\000E\000R\000E\000N\000C\000E\000S}{}% 76
\BOOKMARK [0][-]{chapter.6}{\376\377\000A\000P\000P\000E\000N\000D\000I\000C\000I\000E\000S}{}% 77
\BOOKMARK [0][-]{appendix.a.A}{\376\377\000G\000r\000o\000u\000p\000\040\000M\000e\000m\000b\000e\000r\000\040\000C\000o\000n\000t\000r\000i\000b\000u\000t\000i\000o\000n\000s}{}% 78
\BOOKMARK [0][-]{appendix.a.B}{\376\377\000S\000M\000S\000\040\000T\000r\000a\000n\000s\000a\000c\000t\000i\000o\000n\000\040\000C\000a\000t\000e\000g\000o\000r\000y\000\040\000T\000a\000x\000o\000n\000o\000m\000y}{}% 79
\BOOKMARK [0][-]{appendix.a.C}{\376\377\000F\000i\000n\000a\000n\000c\000i\000a\000l\000\040\000L\000i\000t\000e\000r\000a\000c\000y\000\040\000A\000s\000s\000e\000s\000s\000m\000e\000n\000t\000\040\000I\000n\000s\000t\000r\000u\000m\000e\000n\000t\000\040\000\050\000S\000a\000m\000p\000l\000e\000\040\000I\000t\000e\000m\000s\000\051}{}% 80
